Release 14.7 Map P.20131013 (lin64)
Xilinx Mapping Report File for Design 'led_bank2_noclk'

Design Information
------------------
Command Line   : map -intstyle ise -p xc6slx16-csg324-2 -w -logic_opt off -ol
high -t 1 -xt 0 -register_duplication off -r 4 -global_opt off -mt off -ir off
-pr off -lc off -power off -o led_bank2_noclk_map.ncd led_bank2_noclk.ngd
led_bank2_noclk.pcf 
Target Device  : xc6slx16
Target Package : csg324
Target Speed   : -2
Mapper Version : spartan6 -- $Revision: 1.55 $
Mapped Date    : Sun May 17 05:51:40 2026

Design Summary
--------------
Number of errors   :   1
Number of warnings :  60

Section 1 - Errors
------------------
ERROR:Pack:198 - NCD was not produced.  All logic was removed from the design. 
   This is usually due to having no input or output PAD connections in the
   design and no nets or symbols marked as 'SAVE'.  You can either add PADs or
   'SAVE' attributes to the design, or run 'map -u' to disable logic trimming in
   the mapper.  For more information on trimming issues search the Xilinx
   Answers database for "ERROR:Pack:198" and read the Master Answer Record for
   MAP Trimming Issues.

Section 2 - Warnings
--------------------
WARNING:MapLib:701 - Signal p<59> connected to top level port p<59> has been
   removed.
WARNING:MapLib:701 - Signal p<58> connected to top level port p<58> has been
   removed.
WARNING:MapLib:701 - Signal p<57> connected to top level port p<57> has been
   removed.
WARNING:MapLib:701 - Signal p<56> connected to top level port p<56> has been
   removed.
WARNING:MapLib:701 - Signal p<55> connected to top level port p<55> has been
   removed.
WARNING:MapLib:701 - Signal p<54> connected to top level port p<54> has been
   removed.
WARNING:MapLib:701 - Signal p<53> connected to top level port p<53> has been
   removed.
WARNING:MapLib:701 - Signal p<52> connected to top level port p<52> has been
   removed.
WARNING:MapLib:701 - Signal p<51> connected to top level port p<51> has been
   removed.
WARNING:MapLib:701 - Signal p<50> connected to top level port p<50> has been
   removed.
WARNING:MapLib:701 - Signal p<49> connected to top level port p<49> has been
   removed.
WARNING:MapLib:701 - Signal p<48> connected to top level port p<48> has been
   removed.
WARNING:MapLib:701 - Signal p<47> connected to top level port p<47> has been
   removed.
WARNING:MapLib:701 - Signal p<46> connected to top level port p<46> has been
   removed.
WARNING:MapLib:701 - Signal p<45> connected to top level port p<45> has been
   removed.
WARNING:MapLib:701 - Signal p<44> connected to top level port p<44> has been
   removed.
WARNING:MapLib:701 - Signal p<43> connected to top level port p<43> has been
   removed.
WARNING:MapLib:701 - Signal p<42> connected to top level port p<42> has been
   removed.
WARNING:MapLib:701 - Signal p<41> connected to top level port p<41> has been
   removed.
WARNING:MapLib:701 - Signal p<40> connected to top level port p<40> has been
   removed.
WARNING:MapLib:701 - Signal p<39> connected to top level port p<39> has been
   removed.
WARNING:MapLib:701 - Signal p<38> connected to top level port p<38> has been
   removed.
WARNING:MapLib:701 - Signal p<37> connected to top level port p<37> has been
   removed.
WARNING:MapLib:701 - Signal p<36> connected to top level port p<36> has been
   removed.
WARNING:MapLib:701 - Signal p<35> connected to top level port p<35> has been
   removed.
WARNING:MapLib:701 - Signal p<34> connected to top level port p<34> has been
   removed.
WARNING:MapLib:701 - Signal p<33> connected to top level port p<33> has been
   removed.
WARNING:MapLib:701 - Signal p<32> connected to top level port p<32> has been
   removed.
WARNING:MapLib:701 - Signal p<31> connected to top level port p<31> has been
   removed.
WARNING:MapLib:701 - Signal p<30> connected to top level port p<30> has been
   removed.
WARNING:MapLib:701 - Signal p<29> connected to top level port p<29> has been
   removed.
WARNING:MapLib:701 - Signal p<28> connected to top level port p<28> has been
   removed.
WARNING:MapLib:701 - Signal p<27> connected to top level port p<27> has been
   removed.
WARNING:MapLib:701 - Signal p<26> connected to top level port p<26> has been
   removed.
WARNING:MapLib:701 - Signal p<25> connected to top level port p<25> has been
   removed.
WARNING:MapLib:701 - Signal p<24> connected to top level port p<24> has been
   removed.
WARNING:MapLib:701 - Signal p<23> connected to top level port p<23> has been
   removed.
WARNING:MapLib:701 - Signal p<22> connected to top level port p<22> has been
   removed.
WARNING:MapLib:701 - Signal p<21> connected to top level port p<21> has been
   removed.
WARNING:MapLib:701 - Signal p<20> connected to top level port p<20> has been
   removed.
WARNING:MapLib:701 - Signal p<19> connected to top level port p<19> has been
   removed.
WARNING:MapLib:701 - Signal p<18> connected to top level port p<18> has been
   removed.
WARNING:MapLib:701 - Signal p<17> connected to top level port p<17> has been
   removed.
WARNING:MapLib:701 - Signal p<16> connected to top level port p<16> has been
   removed.
WARNING:MapLib:701 - Signal p<15> connected to top level port p<15> has been
   removed.
WARNING:MapLib:701 - Signal p<14> connected to top level port p<14> has been
   removed.
WARNING:MapLib:701 - Signal p<13> connected to top level port p<13> has been
   removed.
WARNING:MapLib:701 - Signal p<12> connected to top level port p<12> has been
   removed.
WARNING:MapLib:701 - Signal p<11> connected to top level port p<11> has been
   removed.
WARNING:MapLib:701 - Signal p<10> connected to top level port p<10> has been
   removed.
WARNING:MapLib:701 - Signal p<9> connected to top level port p<9> has been
   removed.
WARNING:MapLib:701 - Signal p<8> connected to top level port p<8> has been
   removed.
WARNING:MapLib:701 - Signal p<7> connected to top level port p<7> has been
   removed.
WARNING:MapLib:701 - Signal p<6> connected to top level port p<6> has been
   removed.
WARNING:MapLib:701 - Signal p<5> connected to top level port p<5> has been
   removed.
WARNING:MapLib:701 - Signal p<4> connected to top level port p<4> has been
   removed.
WARNING:MapLib:701 - Signal p<3> connected to top level port p<3> has been
   removed.
WARNING:MapLib:701 - Signal p<2> connected to top level port p<2> has been
   removed.
WARNING:MapLib:701 - Signal p<1> connected to top level port p<1> has been
   removed.
WARNING:MapLib:701 - Signal p<0> connected to top level port p<0> has been
   removed.

Section 3 - Informational
-------------------------
INFO:MapLib:562 - No environment variables are currently set.

Section 4 - Removed Logic Summary
---------------------------------
 230 block(s) removed
 170 signal(s) removed

Section 5 - Removed Logic
-------------------------

The trimmed logic reported below is either:
   1. part of a cycle
   2. part of disabled logic
   3. a side-effect of other trimmed logic

The signal "N0" is unused and has been removed.
 Unused block "XST_VCC" (ONE) removed.
The signal "N1" is unused and has been removed.
 Unused block "XST_GND" (ZERO) removed.
The signal "ro0" is unused and has been removed.
 Unused block "inv0" (ROM) removed.
  The signal "ro4" is unused and has been removed.
   Unused block "inv4" (ROM) removed.
    The signal "ro3" is unused and has been removed.
     Unused block "inv3" (ROM) removed.
      The signal "ro2" is unused and has been removed.
       Unused block "inv2" (ROM) removed.
        The signal "ro1" is unused and has been removed.
         Unused block "inv1" (ROM) removed.
The signal "div<25>" is unused and has been removed.
 Unused block "div_25" (FF) removed.
  The signal "Result<25>" is unused and has been removed.
   Unused block "Mcount_div_xor<25>" (XOR) removed.
    The signal "Mcount_div_cy<24>" is unused and has been removed.
     Unused block "Mcount_div_cy<24>" (MUX) removed.
      The signal "Mcount_div_cy<23>" is unused and has been removed.
       Unused block "Mcount_div_cy<23>" (MUX) removed.
        The signal "Mcount_div_cy<22>" is unused and has been removed.
         Unused block "Mcount_div_cy<22>" (MUX) removed.
          The signal "Mcount_div_cy<21>" is unused and has been removed.
           Unused block "Mcount_div_cy<21>" (MUX) removed.
            The signal "Mcount_div_cy<20>" is unused and has been removed.
             Unused block "Mcount_div_cy<20>" (MUX) removed.
              The signal "Mcount_div_cy<19>" is unused and has been removed.
               Unused block "Mcount_div_cy<19>" (MUX) removed.
                The signal "Mcount_div_cy<18>" is unused and has been removed.
                 Unused block "Mcount_div_cy<18>" (MUX) removed.
                  The signal "Mcount_div_cy<17>" is unused and has been removed.
                   Unused block "Mcount_div_cy<17>" (MUX) removed.
                    The signal "Mcount_div_cy<16>" is unused and has been removed.
                     Unused block "Mcount_div_cy<16>" (MUX) removed.
                      The signal "Mcount_div_cy<15>" is unused and has been removed.
                       Unused block "Mcount_div_cy<15>" (MUX) removed.
                        The signal "Mcount_div_cy<14>" is unused and has been removed.
                         Unused block "Mcount_div_cy<14>" (MUX) removed.
                          The signal "Mcount_div_cy<13>" is unused and has been removed.
                           Unused block "Mcount_div_cy<13>" (MUX) removed.
                            The signal "Mcount_div_cy<12>" is unused and has been removed.
                             Unused block "Mcount_div_cy<12>" (MUX) removed.
                              The signal "Mcount_div_cy<11>" is unused and has been removed.
                               Unused block "Mcount_div_cy<11>" (MUX) removed.
                                The signal "Mcount_div_cy<10>" is unused and has been removed.
                                 Unused block "Mcount_div_cy<10>" (MUX) removed.
                                  The signal "Mcount_div_cy<9>" is unused and has been removed.
                                   Unused block "Mcount_div_cy<9>" (MUX) removed.
                                    The signal "Mcount_div_cy<8>" is unused and has been removed.
                                     Unused block "Mcount_div_cy<8>" (MUX) removed.
                                      The signal "Mcount_div_cy<7>" is unused and has been removed.
                                       Unused block "Mcount_div_cy<7>" (MUX) removed.
                                        The signal "Mcount_div_cy<6>" is unused and has been removed.
                                         Unused block "Mcount_div_cy<6>" (MUX) removed.
                                          The signal "Mcount_div_cy<5>" is unused and has been removed.
                                           Unused block "Mcount_div_cy<5>" (MUX) removed.
                                            The signal "Mcount_div_cy<4>" is unused and has been removed.
                                             Unused block "Mcount_div_cy<4>" (MUX) removed.
                                              The signal "Mcount_div_cy<3>" is unused and has been removed.
                                               Unused block "Mcount_div_cy<3>" (MUX) removed.
                                                The signal "Mcount_div_cy<2>" is unused and has been removed.
                                                 Unused block "Mcount_div_cy<2>" (MUX) removed.
*The signal "Mcount_div_cy<1>" is unused and has been removed.
* Unused block "Mcount_div_cy<1>" (MUX) removed.
*  The signal "Mcount_div_cy<0>" is unused and has been removed.
*   Unused block "Mcount_div_cy<0>" (MUX) removed.
*    The signal "Mcount_div_lut<0>" is unused and has been removed.
*     Unused block "Mcount_div_lut<0>_INV_0" (BUF) removed.
*      The signal "div<0>" is unused and has been removed.
*       Unused block "div_0" (FF) removed.
*        The signal "Result<0>" is unused and has been removed.
*         Unused block "Mcount_div_xor<0>" (XOR) removed.
*  The signal "Mcount_div_cy<1>_rt" is unused and has been removed.
*   Unused block "Mcount_div_cy<1>_rt" (ROM) removed.
*    The signal "div<1>" is unused and has been removed.
*     Unused block "div_1" (FF) removed.
*      The signal "Result<1>" is unused and has been removed.
*       Unused block "Mcount_div_xor<1>" (XOR) removed.
*The signal "Mcount_div_cy<2>_rt" is unused and has been removed.
* Unused block "Mcount_div_cy<2>_rt" (ROM) removed.
*  The signal "div<2>" is unused and has been removed.
*   Unused block "div_2" (FF) removed.
*    The signal "Result<2>" is unused and has been removed.
*     Unused block "Mcount_div_xor<2>" (XOR) removed.
                                                The signal "Mcount_div_cy<3>_rt" is unused and has been removed.
                                                 Unused block "Mcount_div_cy<3>_rt" (ROM) removed.
*The signal "div<3>" is unused and has been removed.
* Unused block "div_3" (FF) removed.
*  The signal "Result<3>" is unused and has been removed.
*   Unused block "Mcount_div_xor<3>" (XOR) removed.
                                              The signal "Mcount_div_cy<4>_rt" is unused and has been removed.
                                               Unused block "Mcount_div_cy<4>_rt" (ROM) removed.
                                                The signal "div<4>" is unused and has been removed.
                                                 Unused block "div_4" (FF) removed.
*The signal "Result<4>" is unused and has been removed.
* Unused block "Mcount_div_xor<4>" (XOR) removed.
                                            The signal "Mcount_div_cy<5>_rt" is unused and has been removed.
                                             Unused block "Mcount_div_cy<5>_rt" (ROM) removed.
                                              The signal "div<5>" is unused and has been removed.
                                               Unused block "div_5" (FF) removed.
                                                The signal "Result<5>" is unused and has been removed.
                                                 Unused block "Mcount_div_xor<5>" (XOR) removed.
                                          The signal "Mcount_div_cy<6>_rt" is unused and has been removed.
                                           Unused block "Mcount_div_cy<6>_rt" (ROM) removed.
                                            The signal "div<6>" is unused and has been removed.
                                             Unused block "div_6" (FF) removed.
                                              The signal "Result<6>" is unused and has been removed.
                                               Unused block "Mcount_div_xor<6>" (XOR) removed.
                                        The signal "Mcount_div_cy<7>_rt" is unused and has been removed.
                                         Unused block "Mcount_div_cy<7>_rt" (ROM) removed.
                                          The signal "div<7>" is unused and has been removed.
                                           Unused block "div_7" (FF) removed.
                                            The signal "Result<7>" is unused and has been removed.
                                             Unused block "Mcount_div_xor<7>" (XOR) removed.
                                      The signal "Mcount_div_cy<8>_rt" is unused and has been removed.
                                       Unused block "Mcount_div_cy<8>_rt" (ROM) removed.
                                        The signal "div<8>" is unused and has been removed.
                                         Unused block "div_8" (FF) removed.
                                          The signal "Result<8>" is unused and has been removed.
                                           Unused block "Mcount_div_xor<8>" (XOR) removed.
                                    The signal "Mcount_div_cy<9>_rt" is unused and has been removed.
                                     Unused block "Mcount_div_cy<9>_rt" (ROM) removed.
                                      The signal "div<9>" is unused and has been removed.
                                       Unused block "div_9" (FF) removed.
                                        The signal "Result<9>" is unused and has been removed.
                                         Unused block "Mcount_div_xor<9>" (XOR) removed.
                                  The signal "Mcount_div_cy<10>_rt" is unused and has been removed.
                                   Unused block "Mcount_div_cy<10>_rt" (ROM) removed.
                                    The signal "div<10>" is unused and has been removed.
                                     Unused block "div_10" (FF) removed.
                                      The signal "Result<10>" is unused and has been removed.
                                       Unused block "Mcount_div_xor<10>" (XOR) removed.
                                The signal "Mcount_div_cy<11>_rt" is unused and has been removed.
                                 Unused block "Mcount_div_cy<11>_rt" (ROM) removed.
                                  The signal "div<11>" is unused and has been removed.
                                   Unused block "div_11" (FF) removed.
                                    The signal "Result<11>" is unused and has been removed.
                                     Unused block "Mcount_div_xor<11>" (XOR) removed.
                              The signal "Mcount_div_cy<12>_rt" is unused and has been removed.
                               Unused block "Mcount_div_cy<12>_rt" (ROM) removed.
                                The signal "div<12>" is unused and has been removed.
                                 Unused block "div_12" (FF) removed.
                                  The signal "Result<12>" is unused and has been removed.
                                   Unused block "Mcount_div_xor<12>" (XOR) removed.
                            The signal "Mcount_div_cy<13>_rt" is unused and has been removed.
                             Unused block "Mcount_div_cy<13>_rt" (ROM) removed.
                              The signal "div<13>" is unused and has been removed.
                               Unused block "div_13" (FF) removed.
                                The signal "Result<13>" is unused and has been removed.
                                 Unused block "Mcount_div_xor<13>" (XOR) removed.
                          The signal "Mcount_div_cy<14>_rt" is unused and has been removed.
                           Unused block "Mcount_div_cy<14>_rt" (ROM) removed.
                            The signal "div<14>" is unused and has been removed.
                             Unused block "div_14" (FF) removed.
                              The signal "Result<14>" is unused and has been removed.
                               Unused block "Mcount_div_xor<14>" (XOR) removed.
                        The signal "Mcount_div_cy<15>_rt" is unused and has been removed.
                         Unused block "Mcount_div_cy<15>_rt" (ROM) removed.
                          The signal "div<15>" is unused and has been removed.
                           Unused block "div_15" (FF) removed.
                            The signal "Result<15>" is unused and has been removed.
                             Unused block "Mcount_div_xor<15>" (XOR) removed.
                      The signal "Mcount_div_cy<16>_rt" is unused and has been removed.
                       Unused block "Mcount_div_cy<16>_rt" (ROM) removed.
                        The signal "div<16>" is unused and has been removed.
                         Unused block "div_16" (FF) removed.
                          The signal "Result<16>" is unused and has been removed.
                           Unused block "Mcount_div_xor<16>" (XOR) removed.
                    The signal "Mcount_div_cy<17>_rt" is unused and has been removed.
                     Unused block "Mcount_div_cy<17>_rt" (ROM) removed.
                      The signal "div<17>" is unused and has been removed.
                       Unused block "div_17" (FF) removed.
                        The signal "Result<17>" is unused and has been removed.
                         Unused block "Mcount_div_xor<17>" (XOR) removed.
                  The signal "Mcount_div_cy<18>_rt" is unused and has been removed.
                   Unused block "Mcount_div_cy<18>_rt" (ROM) removed.
                    The signal "div<18>" is unused and has been removed.
                     Unused block "div_18" (FF) removed.
                      The signal "Result<18>" is unused and has been removed.
                       Unused block "Mcount_div_xor<18>" (XOR) removed.
                The signal "Mcount_div_cy<19>_rt" is unused and has been removed.
                 Unused block "Mcount_div_cy<19>_rt" (ROM) removed.
                  The signal "div<19>" is unused and has been removed.
                   Unused block "div_19" (FF) removed.
                    The signal "Result<19>" is unused and has been removed.
                     Unused block "Mcount_div_xor<19>" (XOR) removed.
              The signal "Mcount_div_cy<20>_rt" is unused and has been removed.
               Unused block "Mcount_div_cy<20>_rt" (ROM) removed.
                The signal "div<20>" is unused and has been removed.
                 Unused block "div_20" (FF) removed.
                  The signal "Result<20>" is unused and has been removed.
                   Unused block "Mcount_div_xor<20>" (XOR) removed.
            The signal "Mcount_div_cy<21>_rt" is unused and has been removed.
             Unused block "Mcount_div_cy<21>_rt" (ROM) removed.
              The signal "div<21>" is unused and has been removed.
               Unused block "div_21" (FF) removed.
                The signal "Result<21>" is unused and has been removed.
                 Unused block "Mcount_div_xor<21>" (XOR) removed.
          The signal "Mcount_div_cy<22>_rt" is unused and has been removed.
           Unused block "Mcount_div_cy<22>_rt" (ROM) removed.
            The signal "div<22>" is unused and has been removed.
             Unused block "div_22" (FF) removed.
              The signal "Result<22>" is unused and has been removed.
               Unused block "Mcount_div_xor<22>" (XOR) removed.
        The signal "Mcount_div_cy<23>_rt" is unused and has been removed.
         Unused block "Mcount_div_cy<23>_rt" (ROM) removed.
          The signal "div<23>" is unused and has been removed.
           Unused block "div_23" (FF) removed.
            The signal "Result<23>" is unused and has been removed.
             Unused block "Mcount_div_xor<23>" (XOR) removed.
      The signal "Mcount_div_cy<24>_rt" is unused and has been removed.
       Unused block "Mcount_div_cy<24>_rt" (ROM) removed.
        The signal "div<24>" is unused and has been removed.
         Unused block "div_24" (FF) removed.
          The signal "Result<24>" is unused and has been removed.
           Unused block "Mcount_div_xor<24>" (XOR) removed.
    The signal "Mcount_div_xor<25>_rt" is unused and has been removed.
     Unused block "Mcount_div_xor<25>_rt" (ROM) removed.
The signal "p<59>" is unused and has been removed.
 Unused block "p_59_OBUF" (BUF) removed.
The signal "p<58>" is unused and has been removed.
 Unused block "p_58_OBUF" (BUF) removed.
The signal "p<57>" is unused and has been removed.
 Unused block "p_57_OBUF" (BUF) removed.
The signal "p<56>" is unused and has been removed.
 Unused block "p_56_OBUF" (BUF) removed.
The signal "p<55>" is unused and has been removed.
 Unused block "p_55_OBUF" (BUF) removed.
The signal "p<54>" is unused and has been removed.
 Unused block "p_54_OBUF" (BUF) removed.
The signal "p<53>" is unused and has been removed.
 Unused block "p_53_OBUF" (BUF) removed.
The signal "p<52>" is unused and has been removed.
 Unused block "p_52_OBUF" (BUF) removed.
The signal "p<51>" is unused and has been removed.
 Unused block "p_51_OBUF" (BUF) removed.
The signal "p<50>" is unused and has been removed.
 Unused block "p_50_OBUF" (BUF) removed.
The signal "p<49>" is unused and has been removed.
 Unused block "p_49_OBUF" (BUF) removed.
The signal "p<48>" is unused and has been removed.
 Unused block "p_48_OBUF" (BUF) removed.
The signal "p<47>" is unused and has been removed.
 Unused block "p_47_OBUF" (BUF) removed.
The signal "p<46>" is unused and has been removed.
 Unused block "p_46_OBUF" (BUF) removed.
The signal "p<45>" is unused and has been removed.
 Unused block "p_45_OBUF" (BUF) removed.
The signal "p<44>" is unused and has been removed.
 Unused block "p_44_OBUF" (BUF) removed.
The signal "p<43>" is unused and has been removed.
 Unused block "p_43_OBUF" (BUF) removed.
The signal "p<42>" is unused and has been removed.
 Unused block "p_42_OBUF" (BUF) removed.
The signal "p<41>" is unused and has been removed.
 Unused block "p_41_OBUF" (BUF) removed.
The signal "p<40>" is unused and has been removed.
 Unused block "p_40_OBUF" (BUF) removed.
The signal "p<39>" is unused and has been removed.
 Unused block "p_39_OBUF" (BUF) removed.
The signal "p<38>" is unused and has been removed.
 Unused block "p_38_OBUF" (BUF) removed.
The signal "p<37>" is unused and has been removed.
 Unused block "p_37_OBUF" (BUF) removed.
The signal "p<36>" is unused and has been removed.
 Unused block "p_36_OBUF" (BUF) removed.
The signal "p<35>" is unused and has been removed.
 Unused block "p_35_OBUF" (BUF) removed.
The signal "p<34>" is unused and has been removed.
 Unused block "p_34_OBUF" (BUF) removed.
The signal "p<33>" is unused and has been removed.
 Unused block "p_33_OBUF" (BUF) removed.
The signal "p<32>" is unused and has been removed.
 Unused block "p_32_OBUF" (BUF) removed.
The signal "p<31>" is unused and has been removed.
 Unused block "p_31_OBUF" (BUF) removed.
The signal "p<30>" is unused and has been removed.
 Unused block "p_30_OBUF" (BUF) removed.
The signal "p<29>" is unused and has been removed.
 Unused block "p_29_OBUF" (BUF) removed.
The signal "p<28>" is unused and has been removed.
 Unused block "p_28_OBUF" (BUF) removed.
The signal "p<27>" is unused and has been removed.
 Unused block "p_27_OBUF" (BUF) removed.
The signal "p<26>" is unused and has been removed.
 Unused block "p_26_OBUF" (BUF) removed.
The signal "p<25>" is unused and has been removed.
 Unused block "p_25_OBUF" (BUF) removed.
The signal "p<24>" is unused and has been removed.
 Unused block "p_24_OBUF" (BUF) removed.
The signal "p<23>" is unused and has been removed.
 Unused block "p_23_OBUF" (BUF) removed.
The signal "p<22>" is unused and has been removed.
 Unused block "p_22_OBUF" (BUF) removed.
The signal "p<21>" is unused and has been removed.
 Unused block "p_21_OBUF" (BUF) removed.
The signal "p<20>" is unused and has been removed.
 Unused block "p_20_OBUF" (BUF) removed.
The signal "p<19>" is unused and has been removed.
 Unused block "p_19_OBUF" (BUF) removed.
The signal "p<18>" is unused and has been removed.
 Unused block "p_18_OBUF" (BUF) removed.
The signal "p<17>" is unused and has been removed.
 Unused block "p_17_OBUF" (BUF) removed.
The signal "p<16>" is unused and has been removed.
 Unused block "p_16_OBUF" (BUF) removed.
The signal "p<15>" is unused and has been removed.
 Unused block "p_15_OBUF" (BUF) removed.
The signal "p<14>" is unused and has been removed.
 Unused block "p_14_OBUF" (BUF) removed.
The signal "p<13>" is unused and has been removed.
 Unused block "p_13_OBUF" (BUF) removed.
The signal "p<12>" is unused and has been removed.
 Unused block "p_12_OBUF" (BUF) removed.
The signal "p<11>" is unused and has been removed.
 Unused block "p_11_OBUF" (BUF) removed.
The signal "p<10>" is unused and has been removed.
 Unused block "p_10_OBUF" (BUF) removed.
The signal "p<9>" is unused and has been removed.
 Unused block "p_9_OBUF" (BUF) removed.
The signal "p<8>" is unused and has been removed.
 Unused block "p_8_OBUF" (BUF) removed.
The signal "p<7>" is unused and has been removed.
 Unused block "p_7_OBUF" (BUF) removed.
The signal "p<6>" is unused and has been removed.
 Unused block "p_6_OBUF" (BUF) removed.
The signal "p<5>" is unused and has been removed.
 Unused block "p_5_OBUF" (BUF) removed.
The signal "p<4>" is unused and has been removed.
 Unused block "p_4_OBUF" (BUF) removed.
The signal "p<3>" is unused and has been removed.
 Unused block "p_3_OBUF" (BUF) removed.
The signal "p<2>" is unused and has been removed.
 Unused block "p_2_OBUF" (BUF) removed.
The signal "p<1>" is unused and has been removed.
 Unused block "p_1_OBUF" (BUF) removed.
The signal "p<0>" is unused and has been removed.
 Unused block "p_0_OBUF" (BUF) removed.
Unused block "p<0>" (PAD) removed.
Unused block "p<10>" (PAD) removed.
Unused block "p<11>" (PAD) removed.
Unused block "p<12>" (PAD) removed.
Unused block "p<13>" (PAD) removed.
Unused block "p<14>" (PAD) removed.
Unused block "p<15>" (PAD) removed.
Unused block "p<16>" (PAD) removed.
Unused block "p<17>" (PAD) removed.
Unused block "p<18>" (PAD) removed.
Unused block "p<19>" (PAD) removed.
Unused block "p<1>" (PAD) removed.
Unused block "p<20>" (PAD) removed.
Unused block "p<21>" (PAD) removed.
Unused block "p<22>" (PAD) removed.
Unused block "p<23>" (PAD) removed.
Unused block "p<24>" (PAD) removed.
Unused block "p<25>" (PAD) removed.
Unused block "p<26>" (PAD) removed.
Unused block "p<27>" (PAD) removed.
Unused block "p<28>" (PAD) removed.
Unused block "p<29>" (PAD) removed.
Unused block "p<2>" (PAD) removed.
Unused block "p<30>" (PAD) removed.
Unused block "p<31>" (PAD) removed.
Unused block "p<32>" (PAD) removed.
Unused block "p<33>" (PAD) removed.
Unused block "p<34>" (PAD) removed.
Unused block "p<35>" (PAD) removed.
Unused block "p<36>" (PAD) removed.
Unused block "p<37>" (PAD) removed.
Unused block "p<38>" (PAD) removed.
Unused block "p<39>" (PAD) removed.
Unused block "p<3>" (PAD) removed.
Unused block "p<40>" (PAD) removed.
Unused block "p<41>" (PAD) removed.
Unused block "p<42>" (PAD) removed.
Unused block "p<43>" (PAD) removed.
Unused block "p<44>" (PAD) removed.
Unused block "p<45>" (PAD) removed.
Unused block "p<46>" (PAD) removed.
Unused block "p<47>" (PAD) removed.
Unused block "p<48>" (PAD) removed.
Unused block "p<49>" (PAD) removed.
Unused block "p<4>" (PAD) removed.
Unused block "p<50>" (PAD) removed.
Unused block "p<51>" (PAD) removed.
Unused block "p<52>" (PAD) removed.
Unused block "p<53>" (PAD) removed.
Unused block "p<54>" (PAD) removed.
Unused block "p<55>" (PAD) removed.
Unused block "p<56>" (PAD) removed.
Unused block "p<57>" (PAD) removed.
Unused block "p<58>" (PAD) removed.
Unused block "p<59>" (PAD) removed.
Unused block "p<5>" (PAD) removed.
Unused block "p<6>" (PAD) removed.
Unused block "p<7>" (PAD) removed.
Unused block "p<8>" (PAD) removed.
Unused block "p<9>" (PAD) removed.
