Release 14.7 - xst P.20131013 (lin64)
Copyright (c) 1995-2013 Xilinx, Inc.  All rights reserved.
--> 
Parameter TMPDIR set to xst/projnav.tmp


Total REAL time to Xst completion: 0.00 secs
Total CPU time to Xst completion: 0.02 secs
 
--> 
Parameter xsthdpdir set to xst


Total REAL time to Xst completion: 0.00 secs
Total CPU time to Xst completion: 0.02 secs
 
--> 
Reading design: led_finder.prj

TABLE OF CONTENTS
  1) Synthesis Options Summary
  2) HDL Parsing
  3) HDL Elaboration
  4) HDL Synthesis
       4.1) HDL Synthesis Report
  5) Advanced HDL Synthesis
       5.1) Advanced HDL Synthesis Report
  6) Low Level Synthesis
  7) Partition Report
  8) Design Summary
       8.1) Primitive and Black Box Usage
       8.2) Device utilization summary
       8.3) Partition Resource Summary
       8.4) Timing Report
            8.4.1) Clock Information
            8.4.2) Asynchronous Control Signals Information
            8.4.3) Timing Summary
            8.4.4) Timing Details
            8.4.5) Cross Clock Domains Report


=========================================================================
*                      Synthesis Options Summary                        *
=========================================================================
---- Source Parameters
Input File Name                    : "led_finder.prj"
Ignore Synthesis Constraint File   : NO

---- Target Parameters
Output File Name                   : "led_finder"
Output Format                      : NGC
Target Device                      : xc6slx16-2-csg324

---- Source Options
Top Module Name                    : led_finder
Automatic FSM Extraction           : YES
FSM Encoding Algorithm             : Auto
Safe Implementation                : No
FSM Style                          : LUT
RAM Extraction                     : Yes
RAM Style                          : Auto
ROM Extraction                     : Yes
Shift Register Extraction          : YES
ROM Style                          : Auto
Resource Sharing                   : YES
Asynchronous To Synchronous        : NO
Shift Register Minimum Size        : 2
Use DSP Block                      : Auto
Automatic Register Balancing       : No

---- Target Options
LUT Combining                      : Auto
Reduce Control Sets                : Auto
Add IO Buffers                     : YES
Global Maximum Fanout              : 100000
Add Generic Clock Buffer(BUFG)     : 16
Register Duplication               : YES
Optimize Instantiated Primitives   : NO
Use Clock Enable                   : Auto
Use Synchronous Set                : Auto
Use Synchronous Reset              : Auto
Pack IO Registers into IOBs        : Auto
Equivalent register Removal        : YES

---- General Options
Optimization Goal                  : Speed
Optimization Effort                : 1
Power Reduction                    : NO
Keep Hierarchy                     : No
Netlist Hierarchy                  : As_Optimized
RTL Output                         : Yes
Global Optimization                : AllClockNets
Read Cores                         : YES
Write Timing Constraints           : NO
Cross Clock Analysis               : NO
Hierarchy Separator                : /
Bus Delimiter                      : <>
Case Specifier                     : Maintain
Slice Utilization Ratio            : 100
BRAM Utilization Ratio             : 100
DSP48 Utilization Ratio            : 100
Auto BRAM Packing                  : NO
Slice Utilization Ratio Delta      : 5

=========================================================================


=========================================================================
*                          HDL Parsing                                  *
=========================================================================
Analyzing Verilog file "/home/andy/verilog_workspace/assume_board_is_nexys3/index.v" into library work
Parsing module <led_finder>.

=========================================================================
*                            HDL Elaboration                            *
=========================================================================

Elaborating module <led_finder>.

=========================================================================
*                           HDL Synthesis                               *
=========================================================================

Synthesizing Unit <led_finder>.
    Related source file is "/home/andy/verilog_workspace/assume_board_is_nexys3/index.v".
    Found 6-bit register for signal <index>.
    Found 2-bit register for signal <mode>.
    Found 28-bit register for signal <counter>.
    Found 28-bit adder for signal <counter[27]_GND_1_o_add_2_OUT> created at line 18.
    Found 2-bit adder for signal <mode[1]_GND_1_o_add_5_OUT> created at line 26.
    Found 6-bit adder for signal <index[5]_GND_1_o_add_6_OUT> created at line 28.
    Found 47-bit 4-to-1 multiplexer for signal <p> created at line 34.
    Summary:
	inferred   3 Adder/Subtractor(s).
	inferred  36 D-type flip-flop(s).
	inferred   1 Multiplexer(s).
Unit <led_finder> synthesized.

=========================================================================
HDL Synthesis Report

Macro Statistics
# Adders/Subtractors                                   : 3
 2-bit adder                                           : 1
 28-bit adder                                          : 1
 6-bit adder                                           : 1
# Registers                                            : 3
 2-bit register                                        : 1
 28-bit register                                       : 1
 6-bit register                                        : 1
# Multiplexers                                         : 1
 47-bit 4-to-1 multiplexer                             : 1

=========================================================================

=========================================================================
*                       Advanced HDL Synthesis                          *
=========================================================================


Synthesizing (advanced) Unit <led_finder>.
The following registers are absorbed into counter <counter>: 1 register on signal <counter>.
The following registers are absorbed into counter <index>: 1 register on signal <index>.
The following registers are absorbed into counter <mode>: 1 register on signal <mode>.
Unit <led_finder> synthesized (advanced).

=========================================================================
Advanced HDL Synthesis Report

Macro Statistics
# Counters                                             : 3
 2-bit up counter                                      : 1
 28-bit up counter                                     : 1
 6-bit up counter                                      : 1
# Multiplexers                                         : 1
 47-bit 4-to-1 multiplexer                             : 1

=========================================================================

=========================================================================
*                         Low Level Synthesis                           *
=========================================================================

Optimizing unit <led_finder> ...

Mapping all equations...
Building and optimizing final netlist ...
Found area constraint ratio of 100 (+ 5) on block led_finder, actual ratio is 1.
FlipFlop counter_25 has been replicated 1 time(s)

Final Macro Processing ...

=========================================================================
Final Register Report

Macro Statistics
# Registers                                            : 37
 Flip-Flops                                            : 37

=========================================================================

=========================================================================
*                           Partition Report                            *
=========================================================================

Partition Implementation Status
-------------------------------

  No Partitions were found in this design.

-------------------------------

=========================================================================
*                            Design Summary                             *
=========================================================================

Top Level Output File Name         : led_finder.ngc

Primitive and Black Box Usage:
------------------------------
# BELS                             : 205
#      GND                         : 1
#      INV                         : 1
#      LUT1                        : 27
#      LUT2                        : 33
#      LUT3                        : 2
#      LUT4                        : 11
#      LUT5                        : 25
#      LUT6                        : 49
#      MUXCY                       : 27
#      VCC                         : 1
#      XORCY                       : 28
# FlipFlops/Latches                : 37
#      FD                          : 35
#      FDE                         : 2
# Clock Buffers                    : 1
#      BUFGP                       : 1
# IO Buffers                       : 47
#      OBUF                        : 47

Device utilization summary:
---------------------------

Selected Device : 6slx16csg324-2 


Slice Logic Utilization: 
 Number of Slice Registers:              37  out of  18224     0%  
 Number of Slice LUTs:                  148  out of   9112     1%  
    Number used as Logic:               148  out of   9112     1%  

Slice Logic Distribution: 
 Number of LUT Flip Flop pairs used:    148
   Number with an unused Flip Flop:     111  out of    148    75%  
   Number with an unused LUT:             0  out of    148     0%  
   Number of fully used LUT-FF pairs:    37  out of    148    25%  
   Number of unique control sets:         2

IO Utilization: 
 Number of IOs:                          48
 Number of bonded IOBs:                  48  out of    232    20%  

Specific Feature Utilization:
 Number of BUFG/BUFGCTRLs:                1  out of     16     6%  

---------------------------
Partition Resource Summary:
---------------------------

  No Partitions were found in this design.

---------------------------


=========================================================================
Timing Report

NOTE: THESE TIMING NUMBERS ARE ONLY A SYNTHESIS ESTIMATE.
      FOR ACCURATE TIMING INFORMATION PLEASE REFER TO THE TRACE REPORT
      GENERATED AFTER PLACE-and-ROUTE.

Clock Information:
------------------
-----------------------------------+------------------------+-------+
Clock Signal                       | Clock buffer(FF name)  | Load  |
-----------------------------------+------------------------+-------+
clk                                | BUFGP                  | 37    |
-----------------------------------+------------------------+-------+

Asynchronous Control Signals Information:
----------------------------------------
No asynchronous control signals found in this design

Timing Summary:
---------------
Speed Grade: -2

   Minimum period: 4.777ns (Maximum Frequency: 209.336MHz)
   Minimum input arrival time before clock: No path found
   Maximum output required time after clock: 7.690ns
   Maximum combinational path delay: No path found

Timing Details:
---------------
All values displayed in nanoseconds (ns)

=========================================================================
Timing constraint: Default period analysis for Clock 'clk'
  Clock period: 4.777ns (frequency: 209.336MHz)
  Total number of paths / destination ports: 1541 / 39
-------------------------------------------------------------------------
Delay:               4.777ns (Levels of Logic = 3)
  Source:            counter_3 (FF)
  Destination:       counter_0 (FF)
  Source Clock:      clk rising
  Destination Clock: clk rising

  Data Path: counter_3 to counter_0
                                Gate     Net
    Cell:in->out      fanout   Delay   Delay  Logical Name (Net Name)
    ----------------------------------------  ------------
     FD:C->Q               2   0.525   1.181  counter_3 (counter_3)
     LUT6:I0->O            4   0.254   1.080  _n008847_SW0 (N4)
     LUT6:I2->O           15   0.254   1.155  counter[27]_GND_1_o_equal_4_o1 (counter[27]_GND_1_o_equal_4_o)
     LUT2:I1->O            1   0.254   0.000  counter_0_rstpot (counter_0_rstpot)
     FD:D                      0.074          counter_0
    ----------------------------------------
    Total                      4.777ns (1.361ns logic, 3.416ns route)
                                       (28.5% logic, 71.5% route)

=========================================================================
Timing constraint: Default OFFSET OUT AFTER for Clock 'clk'
  Total number of paths / destination ports: 423 / 47
-------------------------------------------------------------------------
Offset:              7.690ns (Levels of Logic = 3)
  Source:            index_4 (FF)
  Destination:       p<39> (PAD)
  Source Clock:      clk rising

  Data Path: index_4 to p<39>
                                Gate     Net
    Cell:in->out      fanout   Delay   Delay  Logical Name (Net Name)
    ----------------------------------------  ------------
     FD:C->Q              49   0.525   2.234  index_4 (index_4)
     LUT5:I0->O            2   0.254   0.834  p<35>11 (p<35>_bdd0)
     LUT5:I3->O            1   0.250   0.681  p<39>1 (p_39_OBUF)
     OBUF:I->O                 2.912          p_39_OBUF (p<39>)
    ----------------------------------------
    Total                      7.690ns (3.941ns logic, 3.749ns route)
                                       (51.2% logic, 48.8% route)

=========================================================================

Cross Clock Domains Report:
--------------------------

Clock to Setup on destination clock clk
---------------+---------+---------+---------+---------+
               | Src:Rise| Src:Fall| Src:Rise| Src:Fall|
Source Clock   |Dest:Rise|Dest:Rise|Dest:Fall|Dest:Fall|
---------------+---------+---------+---------+---------+
clk            |    4.777|         |         |         |
---------------+---------+---------+---------+---------+

=========================================================================


Total REAL time to Xst completion: 1.00 secs
Total CPU time to Xst completion: 1.67 secs
 
--> 


Total memory usage is 376068 kilobytes

Number of errors   :    0 (   0 filtered)
Number of warnings :    0 (   0 filtered)
Number of infos    :    0 (   0 filtered)

